Arguments: 
  /usr/local/Cellar/node/11.5.0/bin/node /usr/local/Cellar/yarn/1.12.3/libexec/bin/yarn.js website:build

PATH: 
  /usr/local/bin:/usr/bin:/bin:/usr/sbin:/sbin:/Applications/VMware Fusion.app/Contents/Public:/Applications/Postgres.app/Contents/Versions/latest/bin

Yarn version: 
  1.12.3

Node version: 
  11.5.0

Platform: 
  darwin x64

Trace: 
  SyntaxError: /Users/tarik/Desktop/projects/vue/datasciencenotes/package.json: Unexpected token } in JSON at position 296
      at JSON.parse (<anonymous>)
      at /usr/local/Cellar/yarn/1.12.3/libexec/lib/cli.js:1631:59
      at Generator.next (<anonymous>)
      at step (/usr/local/Cellar/yarn/1.12.3/libexec/lib/cli.js:304:30)
      at /usr/local/Cellar/yarn/1.12.3/libexec/lib/cli.js:315:13

npm manifest: 
  {
    "name": "datasciencenotes",
    "version": "1.0.0",
    "description": "Open-source data science notes for absolute beginners",
    "main": "index.js",
    "repository": "https://github.com/omertarik96/datasciencenotes.git",
    "author": "Omer Tarik Koc <omertarikkoc@gmail.com>",
    "license": "MIT",
  },
  {
    "scripts": {
      "website:build": "vuepress build website"
    }
  }

yarn manifest: 
  No manifest

Lockfile: 
  No lockfile
